<?xml version="1.0" encoding="UTF-8"?>
<!-- Generated by org.testng.reporters.JUnitReportReporter -->
<testsuite hostname="bharat2799-02" name="com.cucumberFramework.testRunner.TestRunner" tests="1" failures="0" timestamp="3 Nov 2020 14:51:00 GMT" time="95.104" errors="0">
  <testcase name="feature" time="95.104" classname="com.cucumberFramework.testRunner.TestRunner"/>
</testsuite> <!-- com.cucumberFramework.testRunner.TestRunner -->
